d:\tvorba soft systemov\console application - tail\application\x64\debug\application.pch
d:\tvorba soft systemov\console application - tail\application\x64\debug\vc140.pdb
d:\tvorba soft systemov\console application - tail\application\x64\debug\vc140.idb
d:\tvorba soft systemov\console application - tail\application\x64\debug\stdafx.obj
d:\tvorba soft systemov\console application - tail\application\x64\debug\application.ilk
d:\tvorba soft systemov\console application - tail\application\x64\debug\application.exe
d:\tvorba soft systemov\console application - tail\application\x64\debug\application.pdb
d:\tvorba soft systemov\console application - tail\application\x64\debug\application.vcxprojresolveassemblyreference.cache
d:\tvorba soft systemov\console application - tail\application\x64\debug\library.ilk
d:\tvorba soft systemov\console application - tail\application\x64\debug\unittests.ilk
d:\tvorba soft systemov\console application - tail\application\x64\debug\library.exp
d:\tvorba soft systemov\console application - tail\application\x64\debug\unittests.exp
d:\tvorba soft systemov\console application - tail\application\x64\debug\library.pdb
d:\tvorba soft systemov\console application - tail\application\x64\debug\unittests.pdb
d:\tvorba soft systemov\console application - tail\application\x64\debug\application.tlog\cl.command.1.tlog
d:\tvorba soft systemov\console application - tail\application\x64\debug\application.tlog\cl.read.1.tlog
d:\tvorba soft systemov\console application - tail\application\x64\debug\application.tlog\cl.write.1.tlog
d:\tvorba soft systemov\console application - tail\application\x64\debug\application.tlog\link.command.1.tlog
d:\tvorba soft systemov\console application - tail\application\x64\debug\application.tlog\link.read.1.tlog
d:\tvorba soft systemov\console application - tail\application\x64\debug\application.tlog\link.write.1.tlog
